[2022-04-27 16:54:24] local.INFO: [{"id":29,"division_id":2,"nombre":"Departamento de Asignaturas Socio-human\u00edsticas","created_at":"2022-04-19T16:34:34.000000Z","updated_at":"2022-04-19T16:34:34.000000Z"}]  
[2022-04-27 16:54:30] local.INFO: [{"id":530,"depto_id":29,"nombre":"CIENCIA TECNOLOGIA Y SOCIEDAD","created_at":"2022-04-19T16:34:39.000000Z","updated_at":"2022-04-19T16:34:39.000000Z"},{"id":531,"depto_id":29,"nombre":"CULTURA Y COMUNICACION (2016)","created_at":"2022-04-19T16:34:39.000000Z","updated_at":"2022-04-19T16:34:39.000000Z"},{"id":532,"depto_id":29,"nombre":"ETICA PROFESIONAL","created_at":"2022-04-19T16:34:39.000000Z","updated_at":"2022-04-19T16:34:39.000000Z"},{"id":533,"depto_id":29,"nombre":"INTRODUCCION A LA ECONOMIA","created_at":"2022-04-19T16:34:39.000000Z","updated_at":"2022-04-19T16:34:39.000000Z"},{"id":534,"depto_id":29,"nombre":"INTRODUCCION AL ANALISIS ECONOMICO EMPRESARIAL","created_at":"2022-04-19T16:34:39.000000Z","updated_at":"2022-04-19T16:34:39.000000Z"},{"id":535,"depto_id":29,"nombre":"LITERATURA HISPANOAMERICANA CONTEMPORANEA","created_at":"2022-04-19T16:34:39.000000Z","updated_at":"2022-04-19T16:34:39.000000Z"},{"id":536,"depto_id":29,"nombre":"RECURSOS Y NECESIDADES DE MEXICO","created_at":"2022-04-19T16:34:39.000000Z","updated_at":"2022-04-19T16:34:39.000000Z"},{"id":537,"depto_id":29,"nombre":"REDACCION Y EXPOSICION DE TEMAS DE ING.(2016)","created_at":"2022-04-19T16:34:39.000000Z","updated_at":"2022-04-19T16:34:39.000000Z"},{"id":538,"depto_id":29,"nombre":"TALLER SOCIHUMANISTICO: LIDERAZGO","created_at":"2022-04-19T16:34:39.000000Z","updated_at":"2022-04-19T16:34:39.000000Z"},{"id":539,"depto_id":29,"nombre":"TALLER SOCIOHUMANISTICO:CREATIVIDAD","created_at":"2022-04-19T16:34:39.000000Z","updated_at":"2022-04-19T16:34:39.000000Z"}]  
[2022-04-27 16:54:37] local.INFO: array (
  'division' => '2',
  'departamento' => 'Departamento de Asignaturas Socio-humanísticas',
  'asignatura' => '531',
)  
[2022-04-27 17:01:37] local.INFO: array (
  'division' => '2',
  'departamento' => 'Departamento de Asignaturas Socio-humanísticas',
  'asignatura' => '531',
)  
[2022-04-27 17:02:52] local.INFO: array (
  'division' => '2',
  'departamento' => 'Departamento de Asignaturas Socio-humanísticas',
  'asignatura' => '531',
)  
[2022-04-27 17:03:08] local.INFO: array (
  'division' => '2',
  'departamento' => 'Departamento de Asignaturas Socio-humanísticas',
  'asignatura' => '531',
)  
[2022-04-27 17:05:16] local.INFO: array (
  'division' => '2',
  'departamento' => 'Departamento de Asignaturas Socio-humanísticas',
  'asignatura' => '531',
)  
[2022-04-27 17:10:05] local.INFO: array (
  'division' => '2',
  'departamento' => 'Departamento de Asignaturas Socio-humanísticas',
  'asignatura' => '531',
)  
[2022-04-27 17:12:22] local.INFO: array (
  'division' => '2',
  'departamento' => 'Departamento de Asignaturas Socio-humanísticas',
  'asignatura' => '531',
)  
[2022-04-27 17:14:25] local.INFO: array (
  'division' => '2',
  'departamento' => 'Departamento de Asignaturas Socio-humanísticas',
  'asignatura' => '531',
)  
[2022-04-27 17:16:05] local.INFO: array (
  'division' => '2',
  'departamento' => 'Departamento de Asignaturas Socio-humanísticas',
  'asignatura' => '531',
)  
